  BuddyAlloc.c
C:\Users\SKT BABA ZOKA\Documents\GitHub\OS2\src\BuddyAlloc.c(14,48): warning C4047: '=': 'Buddy_block *' differs in levels of indirection from 'uintptr_t'
C:\Users\SKT BABA ZOKA\Documents\GitHub\OS2\src\BuddyAlloc.c(20,26): warning C4047: '=': 's_Buddy_block *' differs in levels of indirection from 'uintptr_t'
C:\Users\SKT BABA ZOKA\Documents\GitHub\OS2\src\BuddyAlloc.c(25,39): warning C4244: '-=': conversion from 'double' to 'unsigned int', possible loss of data
C:\Users\SKT BABA ZOKA\Documents\GitHub\OS2\src\BuddyAlloc.c(11,1): warning C4244: 'initializing': conversion from 'double' to 'unsigned int', possible loss of data
C:\Users\SKT BABA ZOKA\Documents\GitHub\OS2\src\BuddyAlloc.c(31,45): warning C4244: 'return': conversion from 'double' to 'unsigned int', possible loss of data
C:\Users\SKT BABA ZOKA\Documents\GitHub\OS2\src\BuddyAlloc.c(36,41): warning C4244: 'return': conversion from 'double' to 'unsigned int', possible loss of data
C:\Users\SKT BABA ZOKA\Documents\GitHub\OS2\src\BuddyAlloc.c(117,22): warning C4047: 'return': 'void *' differs in levels of indirection from 'uintptr_t'
C:\Users\SKT BABA ZOKA\Documents\GitHub\OS2\src\BuddyAlloc.c(124,18): warning C4026: function declared with formal parameter list
C:\Users\SKT BABA ZOKA\Documents\GitHub\OS2\src\BuddyAlloc.c(165,10): warning C4013: 'memset' undefined; assuming extern returning int
C:\Users\SKT BABA ZOKA\Documents\GitHub\OS2\src\BuddyAlloc.c(224,41): warning C4244: 'function': conversion from 'size_t' to 'double', possible loss of data
C:\Users\SKT BABA ZOKA\Documents\GitHub\OS2\src\BuddyAlloc.c(256,37): warning C4047: '=': 's_Buddy_block *' differs in levels of indirection from 'uintptr_t'
C:\Users\SKT BABA ZOKA\Documents\GitHub\OS2\src\BuddyAlloc.c(262,37): warning C4047: '=': 's_Buddy_block *' differs in levels of indirection from 'uintptr_t'
C:\Users\SKT BABA ZOKA\Documents\GitHub\OS2\src\BuddyAlloc.c(264,28): warning C4047: 'return': 'Buddy_block *' differs in levels of indirection from 'uintptr_t'
C:\Users\SKT BABA ZOKA\Documents\GitHub\OS2\src\BuddyAlloc.c(270,68): warning C4047: '=': 'Buddy_block *' differs in levels of indirection from 'uintptr_t'
C:\Users\SKT BABA ZOKA\Documents\GitHub\OS2\src\BuddyAlloc.c(276,68): warning C4047: '=': 'Buddy_block *' differs in levels of indirection from 'uintptr_t'
C:\Users\SKT BABA ZOKA\Documents\GitHub\OS2\src\BuddyAlloc.c(278,28): warning C4047: 'return': 'Buddy_block *' differs in levels of indirection from 'uintptr_t'
C:\Users\SKT BABA ZOKA\Documents\GitHub\OS2\src\BuddyAlloc.c(224,1): warning C4244: 'initializing': conversion from 'double' to 'unsigned int', possible loss of data
C:\Users\SKT BABA ZOKA\Documents\GitHub\OS2\src\BuddyAlloc.c(302,22): warning C4267: 'return': conversion from 'size_t' to 'unsigned int', possible loss of data
  SlabAlloc.c
C:\Users\SKT BABA ZOKA\Documents\GitHub\OS2\src\SlabAlloc.c(10,12): warning C4267: 'return': conversion from 'size_t' to 'int', possible loss of data
C:\Users\SKT BABA ZOKA\Documents\GitHub\OS2\src\SlabAlloc.c(21,53): warning C4244: 'function': conversion from 'size_t' to 'double', possible loss of data
C:\Users\SKT BABA ZOKA\Documents\GitHub\OS2\src\SlabAlloc.c(21,54): warning C4244: '=': conversion from 'double' to 'unsigned int', possible loss of data
C:\Users\SKT BABA ZOKA\Documents\GitHub\OS2\src\SlabAlloc.c(42,131): warning C4047: '=': 'uintptr_t' differs in levels of indirection from 'Buddy *'
C:\Users\SKT BABA ZOKA\Documents\GitHub\OS2\src\SlabAlloc.c(68,26): warning C4267: '=': conversion from 'size_t' to 'unsigned int', possible loss of data
C:\Users\SKT BABA ZOKA\Documents\GitHub\OS2\src\SlabAlloc.c(156,1): warning C4047: 'initializing': 'void *' differs in levels of indirection from 'uintptr_t'
C:\Users\SKT BABA ZOKA\Documents\GitHub\OS2\src\SlabAlloc.c(182,13): warning C4098: 'preuredi_nepune_slabove': 'void' function returning a value
C:\Users\SKT BABA ZOKA\Documents\GitHub\OS2\src\SlabAlloc.c(185,8): warning C4101: 'slot': unreferenced local variable
C:\Users\SKT BABA ZOKA\Documents\GitHub\OS2\src\SlabAlloc.c(277,51): warning C4267: 'function': conversion from 'size_t' to 'unsigned int', possible loss of data
C:\Users\SKT BABA ZOKA\Documents\GitHub\OS2\src\SlabAlloc.c(289,79): warning C4090: 'function': different 'const' qualifiers
C:\Users\SKT BABA ZOKA\Documents\GitHub\OS2\src\SlabAlloc.c(289,80): warning C4133: '=': incompatible types - from 'Slab_block *' to 'Kes *'
  Generating Code...
  OS2.vcxproj -> C:\Users\SKT BABA ZOKA\Documents\GitHub\OS2\x64\Debug\OS2.exe
